<?xml version="1.0" encoding="UTF-8"?>
<testng-results ignored="0" total="1" passed="1" failed="0" skipped="0">
  <reporter-output>
  </reporter-output>
  <suite started-at="2018-07-13T18:01:22Z" name="InentBanking99project" finished-at="2018-07-13T18:01:40Z" duration-ms="18034">
    <groups>
    </groups>
    <test started-at="2018-07-13T18:01:22Z" name="Internet Banking Test" finished-at="2018-07-13T18:01:40Z" duration-ms="18034">
      <class name="com.InentBanking99project.testCases.TC_AddCustomer_003">
        <test-method is-config="true" signature="setup(java.lang.String)[pri:0, instance:com.InentBanking99project.testCases.TC_AddCustomer_003@76ed1b7c]" started-at="2018-07-13T14:01:23Z" name="setup" finished-at="2018-07-13T14:01:27Z" duration-ms="4516" status="PASS">
          <params>
            <param index="0">
              <value>
                <![CDATA[ChromePath]]>
              </value>
            </param>
          </params>
          <reporter-output>
          </reporter-output>
        </test-method> <!-- setup -->
        <test-method signature="addNewcustomer()[pri:0, instance:com.InentBanking99project.testCases.TC_AddCustomer_003@76ed1b7c]" started-at="2018-07-13T14:01:27Z" name="addNewcustomer" finished-at="2018-07-13T14:01:40Z" duration-ms="12338" status="PASS">
          <reporter-output>
          </reporter-output>
        </test-method> <!-- addNewcustomer -->
        <test-method is-config="true" signature="tearDown()[pri:0, instance:com.InentBanking99project.testCases.TC_AddCustomer_003@76ed1b7c]" started-at="2018-07-13T14:01:40Z" name="tearDown" finished-at="2018-07-13T14:01:40Z" duration-ms="716" status="PASS">
          <reporter-output>
          </reporter-output>
        </test-method> <!-- tearDown -->
      </class> <!-- com.InentBanking99project.testCases.TC_AddCustomer_003 -->
    </test> <!-- Internet Banking Test -->
  </suite> <!-- InentBanking99project -->
</testng-results>
